ENTRATA,Mon Mar  8 12:42:39 2021,Maria Gatto,Amministratore Delegato
ENTRATA,Mon Mar  8 12:42:50 2021,Mario Rossi,Amministratore Delegato
ENTRATA,Mon Mar  8 12:49:53 2021,Mario Rossi,Presidente
MANUALE,Mon Mar  8 12:50:13 2021,Maria Gatto,Stagista
MANUALE,Mon Mar  8 12:50:36 2021,UGO Rossi,Fratello del Presidente
ENTRATA,Mon Mar  8 12:42:39 2021,Maria Gatto,Amministratore Delegato
ENTRATA,Mon Mar  8 12:42:50 2021,Mario Rossi,Amministratore Delegato
ENTRATA,Mon Mar  8 12:49:53 2021,Mario Rossi,Presidente
MANUALE,Mon Mar  8 12:50:13 2021,Maria Gatto,Stagista
MANUALE,Mon Mar  8 12:50:36 2021,UGO Rossi,Fratello del Presidente
ENTRATA,Mon Mar  8 12:42:39 2021,Maria Gatto,Amministratore Delegato
ENTRATA,Mon Mar  8 12:42:50 2021,Mario Rossi,Amministratore Delegato
ENTRATA,Mon Mar  8 12:49:53 2021,Mario Rossi,Presidente
MANUALE,Mon Mar  8 12:50:13 2021,Maria Gatto,Stagista
MANUALE,Mon Mar  8 12:50:36 2021,UGO Rossi,Fratello del Presidente
ENTRATA,Mon Mar  8 12:42:39 2021,Maria Gatto,Amministratore Delegato
ENTRATA,Mon Mar  8 12:42:50 2021,Mario Rossi,Amministratore Delegato
ENTRATA,Mon Mar  8 12:49:53 2021,Mario Rossi,Presidente
MANUALE,Mon Mar  8 12:50:13 2021,Maria Gatto,Stagista
MANUALE,Mon Mar  8 12:50:36 2021,UGO Rossi,Fratello del Presidente
ENTRATA,Mon Mar  8 12:42:39 2021,Maria Gatto,Amministratore Delegato
ENTRATA,Mon Mar  8 12:42:50 2021,Mario Rossi,Amministratore Delegato
ENTRATA,Mon Mar  8 12:49:53 2021,Mario Rossi,Presidente
MANUALE,Mon Mar  8 12:50:13 2021,Maria Gatto,Stagista
MANUALE,Mon Mar  8 12:50:36 2021,UGO Rossi,Fratello del Presidente
ENTRATA,Mon Mar  8 12:42:39 2021,Maria Gatto,Amministratore Delegato
ENTRATA,Mon Mar  8 12:42:50 2021,Mario Rossi,Amministratore Delegato
ENTRATA,Mon Mar  8 12:49:53 2021,Mario Rossi,Presidente
MANUALE,Mon Mar  8 12:50:13 2021,Maria Gatto,Stagista
MANUALE,Mon Mar  8 12:50:36 2021,UGO Rossi,Fratello del Presidente
ENTRATA,Mon Mar  8 12:42:39 2021,Maria Gatto,Amministratore Delegato
ENTRATA,Mon Mar  8 12:42:50 2021,Mario Rossi,Amministratore Delegato
ENTRATA,Mon Mar  8 12:49:53 2021,Mario Rossi,Presidente
MANUALE,Mon Mar  8 12:50:13 2021,Maria Gatto,Stagista
MANUALE,Mon Mar  8 12:50:36 2021,UGO Rossi,Fratello del Presidente
ENTRATA,Mon Mar  8 12:42:39 2021,Maria Gatto,Amministratore Delegato
ENTRATA,Mon Mar  8 12:42:50 2021,Mario Rossi,Amministratore Delegato
ENTRATA,Mon Mar  8 12:49:53 2021,Mario Rossi,Presidente
MANUALE,Mon Mar  8 12:50:13 2021,Maria Gatto,Stagista
MANUALE,Mon Mar  8 12:50:36 2021,UGO Rossi,Fratello del Presidente
ENTRATA,Mon Mar  8 12:42:39 2021,Maria Gatto,Amministratore Delegato
ENTRATA,Mon Mar  8 12:42:50 2021,Mario Rossi,Amministratore Delegato
ENTRATA,Mon Mar  8 12:49:53 2021,Mario Rossi,Presidente
MANUALE,Mon Mar  8 12:50:13 2021,Maria Gatto,Stagista
MANUALE,Mon Mar  8 12:50:36 2021,UGO Rossi,Fratello del Presidente
ENTRATA,Mon Mar  8 12:42:39 2021,Maria Gatto,Amministratore Delegato
ENTRATA,Mon Mar  8 12:42:50 2021,Mario Rossi,Amministratore Delegato
ENTRATA,Mon Mar  8 12:49:53 2021,Mario Rossi,Presidente
MANUALE,Mon Mar  8 12:50:13 2021,Maria Gatto,Stagista
MANUALE,Mon Mar  8 12:50:36 2021,UGO Rossi,Fratello del Presidente
ENTRATA,Mon Mar  8 12:42:39 2021,Maria Gatto,Amministratore Delegato
ENTRATA,Mon Mar  8 12:42:50 2021,Mario Rossi,Amministratore Delegato
ENTRATA,Mon Mar  8 12:49:53 2021,Mario Rossi,Presidente
MANUALE,Mon Mar  8 12:50:13 2021,Maria Gatto,Stagista
MANUALE,Mon Mar  8 12:50:36 2021,UGO Rossi,Fratello del Presidente
